Copyright 1986-2017 Xilinx, Inc. All Rights Reserved.
-------------------------------------------------------------------------------------------------------------------------------
| Tool Version     : Vivado v.2017.4 (win64) Build 2086221 Fri Dec 15 20:55:39 MST 2017
| Date             : Wed Oct 25 15:00:49 2023
| Host             : DESKTOP-0TSH46O running 64-bit major release  (build 9200)
| Command          : report_power -file top_power_routed.rpt -pb top_power_summary_routed.pb -rpx top_power_routed.rpx
| Design           : top
| Device           : xc7z020clg484-1
| Design State     : routed
| Grade            : commercial
| Process          : typical
| Characterization : Production
-------------------------------------------------------------------------------------------------------------------------------

Power Report

Table of Contents
-----------------
1. Summary
1.1 On-Chip Components
1.2 Power Supply Summary
1.3 Confidence Level
2. Settings
2.1 Environment
2.2 Clock Constraints
3. Detailed Reports
3.1 By Hierarchy

1. Summary
----------

+--------------------------+----------------------------------+
| Total On-Chip Power (W)  | 27.595 (Junction temp exceeded!) |
| Design Power Budget (W)  | Unspecified*                     |
| Power Budget Margin (W)  | NA                               |
| Dynamic (W)              | 26.554                           |
| Device Static (W)        | 1.041                            |
| Effective TJA (C/W)      | 11.5                             |
| Max Ambient (C)          | 0.0                              |
| Junction Temperature (C) | 125.0                            |
| Confidence Level         | Low                              |
| Setting File             | ---                              |
| Simulation Activity File | ---                              |
| Design Nets Matched      | NA                               |
+--------------------------+----------------------------------+
* Specify Design Power Budget using, set_operating_conditions -design_power_budget <value in Watts>


1.1 On-Chip Components
----------------------

+--------------------------+-----------+----------+-----------+-----------------+
| On-Chip                  | Power (W) | Used     | Available | Utilization (%) |
+--------------------------+-----------+----------+-----------+-----------------+
| Slice Logic              |     5.486 |     1686 |       --- |             --- |
|   LUT as Logic           |     3.404 |      670 |     53200 |            1.26 |
|   LUT as Distributed RAM |     1.742 |      256 |     17400 |            1.47 |
|   F7/F8 Muxes            |     0.229 |      215 |     53200 |            0.40 |
|   CARRY4                 |     0.069 |       29 |     13300 |            0.22 |
|   Register               |     0.036 |      382 |    106400 |            0.36 |
|   BUFG                   |     0.006 |        1 |        32 |            3.13 |
|   Others                 |     0.000 |       18 |       --- |             --- |
| Signals                  |     6.450 |     1142 |       --- |             --- |
| I/O                      |    14.619 |       46 |       200 |           23.00 |
| Static Power             |     1.041 |          |           |                 |
| Total                    |    27.595 |          |           |                 |
+--------------------------+-----------+----------+-----------+-----------------+


1.2 Power Supply Summary
------------------------

+-----------+-------------+-----------+-------------+------------+
| Source    | Voltage (V) | Total (A) | Dynamic (A) | Static (A) |
+-----------+-------------+-----------+-------------+------------+
| Vccint    |       1.000 |    12.278 |      11.980 |      0.299 |
| Vccaux    |       1.800 |     0.634 |       0.534 |      0.100 |
| Vcco33    |       3.300 |     4.126 |       4.125 |      0.001 |
| Vcco25    |       2.500 |     0.000 |       0.000 |      0.000 |
| Vcco18    |       1.800 |     0.000 |       0.000 |      0.000 |
| Vcco15    |       1.500 |     0.000 |       0.000 |      0.000 |
| Vcco135   |       1.350 |     0.000 |       0.000 |      0.000 |
| Vcco12    |       1.200 |     0.000 |       0.000 |      0.000 |
| Vccaux_io |       1.800 |     0.000 |       0.000 |      0.000 |
| Vccbram   |       1.000 |     0.026 |       0.000 |      0.026 |
| MGTAVcc   |       1.000 |     0.000 |       0.000 |      0.000 |
| MGTAVtt   |       1.200 |     0.000 |       0.000 |      0.000 |
| MGTVccaux |       1.800 |     0.000 |       0.000 |      0.000 |
| Vccpint   |       1.000 |     0.473 |       0.000 |      0.473 |
| Vccpaux   |       1.800 |     0.010 |       0.000 |      0.010 |
| Vccpll    |       1.800 |     0.003 |       0.000 |      0.003 |
| Vcco_ddr  |       1.500 |     0.000 |       0.000 |      0.000 |
| Vcco_mio0 |       1.800 |     0.000 |       0.000 |      0.000 |
| Vcco_mio1 |       1.800 |     0.000 |       0.000 |      0.000 |
| Vccadc    |       1.800 |     0.020 |       0.000 |      0.020 |
+-----------+-------------+-----------+-------------+------------+


1.3 Confidence Level
--------------------

+-----------------------------+------------+--------------------------------------------------------+--------------------------------------------------------------------------------------------------------------------+
| User Input Data             | Confidence | Details                                                | Action                                                                                                             |
+-----------------------------+------------+--------------------------------------------------------+--------------------------------------------------------------------------------------------------------------------+
| Design implementation state | High       | Design is routed                                       |                                                                                                                    |
| Clock nodes activity        | Low        | User specified less than 75% of clocks                 | Provide missing clock activity with a constraint file, simulation results or by editing the "By Clock Domain" view |
| I/O nodes activity          | Low        | More than 75% of inputs are missing user specification | Provide missing input activity with simulation results or by editing the "By Resource Type -> I/Os" view           |
| Internal nodes activity     | Medium     | User specified less than 25% of internal nodes         | Provide missing internal nodes activity with simulation results or by editing the "By Resource Type" views         |
| Device models               | High       | Device models are Production                           |                                                                                                                    |
|                             |            |                                                        |                                                                                                                    |
| Overall confidence level    | Low        |                                                        |                                                                                                                    |
+-----------------------------+------------+--------------------------------------------------------+--------------------------------------------------------------------------------------------------------------------+


2. Settings
-----------

2.1 Environment
---------------

+-----------------------+------------------------+
| Ambient Temp (C)      | 25.0                   |
| ThetaJA (C/W)         | 11.5                   |
| Airflow (LFM)         | 250                    |
| Heat Sink             | none                   |
| ThetaSA (C/W)         | 0.0                    |
| Board Selection       | medium (10"x10")       |
| # of Board Layers     | 8to11 (8 to 11 Layers) |
| Board Temperature (C) | 25.0                   |
+-----------------------+------------------------+


2.2 Clock Constraints
---------------------

+-------+--------+-----------------+
| Clock | Domain | Constraint (ns) |
+-------+--------+-----------------+


3. Detailed Reports
-------------------

3.1 By Hierarchy
----------------

+---------------------------------------+-----------+
| Name                                  | Power (W) |
+---------------------------------------+-----------+
| top                                   |    26.554 |
|   bus                                 |     4.576 |
|     Led                               |    <0.001 |
|       input_buf                       |    <0.001 |
|     Switch                            |     0.018 |
|       output_buf                      |     0.018 |
|     deviceCLK                         |     0.094 |
|     ram                               |     2.818 |
|       DataMem                         |     2.715 |
|         U0                            |     2.715 |
|           synth_options.dist_mem_inst |     2.715 |
|             gen_sp_ram.spram_inst     |     2.715 |
|               ram_reg_0_255_0_0       |     0.036 |
|               ram_reg_0_255_10_10     |     0.041 |
|               ram_reg_0_255_11_11     |     0.037 |
|               ram_reg_0_255_12_12     |     0.028 |
|               ram_reg_0_255_13_13     |     0.036 |
|               ram_reg_0_255_14_14     |     0.029 |
|               ram_reg_0_255_15_15     |     0.039 |
|               ram_reg_0_255_1_1       |     0.037 |
|               ram_reg_0_255_2_2       |     0.036 |
|               ram_reg_0_255_3_3       |     0.037 |
|               ram_reg_0_255_4_4       |     0.038 |
|               ram_reg_0_255_5_5       |     0.036 |
|               ram_reg_0_255_6_6       |     0.038 |
|               ram_reg_0_255_7_7       |     0.039 |
|               ram_reg_0_255_8_8       |     0.038 |
|               ram_reg_0_255_9_9       |     0.038 |
|               ram_reg_256_511_0_0     |     0.036 |
|               ram_reg_256_511_10_10   |     0.039 |
|               ram_reg_256_511_11_11   |     0.036 |
|               ram_reg_256_511_12_12   |     0.030 |
|               ram_reg_256_511_13_13   |     0.041 |
|               ram_reg_256_511_14_14   |     0.028 |
|               ram_reg_256_511_15_15   |     0.038 |
|               ram_reg_256_511_1_1     |     0.037 |
|               ram_reg_256_511_2_2     |     0.035 |
|               ram_reg_256_511_3_3     |     0.035 |
|               ram_reg_256_511_4_4     |     0.039 |
|               ram_reg_256_511_5_5     |     0.035 |
|               ram_reg_256_511_6_6     |     0.037 |
|               ram_reg_256_511_7_7     |     0.037 |
|               ram_reg_256_511_8_8     |     0.037 |
|               ram_reg_256_511_9_9     |     0.036 |
|               ram_reg_512_767_0_0     |     0.034 |
|               ram_reg_512_767_10_10   |     0.035 |
|               ram_reg_512_767_11_11   |     0.036 |
|               ram_reg_512_767_12_12   |     0.027 |
|               ram_reg_512_767_13_13   |     0.035 |
|               ram_reg_512_767_14_14   |     0.030 |
|               ram_reg_512_767_15_15   |     0.037 |
|               ram_reg_512_767_1_1     |     0.036 |
|               ram_reg_512_767_2_2     |     0.036 |
|               ram_reg_512_767_3_3     |     0.036 |
|               ram_reg_512_767_4_4     |     0.034 |
|               ram_reg_512_767_5_5     |     0.037 |
|               ram_reg_512_767_6_6     |     0.035 |
|               ram_reg_512_767_7_7     |     0.036 |
|               ram_reg_512_767_8_8     |     0.039 |
|               ram_reg_512_767_9_9     |     0.035 |
|               ram_reg_768_1023_0_0    |     0.036 |
|               ram_reg_768_1023_10_10  |     0.036 |
|               ram_reg_768_1023_11_11  |     0.036 |
|               ram_reg_768_1023_12_12  |     0.027 |
|               ram_reg_768_1023_13_13  |     0.037 |
|               ram_reg_768_1023_14_14  |     0.030 |
|               ram_reg_768_1023_15_15  |     0.039 |
|               ram_reg_768_1023_1_1    |     0.035 |
|               ram_reg_768_1023_2_2    |     0.041 |
|               ram_reg_768_1023_3_3    |     0.042 |
|               ram_reg_768_1023_4_4    |     0.036 |
|               ram_reg_768_1023_5_5    |     0.036 |
|               ram_reg_768_1023_6_6    |     0.036 |
|               ram_reg_768_1023_7_7    |     0.038 |
|               ram_reg_768_1023_8_8    |     0.036 |
|               ram_reg_768_1023_9_9    |     0.037 |
|     tube                              |     0.298 |
|       inctrl_tube                     |     0.298 |
|     uart                              |     0.286 |
|       input_buf                       |    <0.001 |
|       output_buf                      |     0.123 |
|       u_uart_recv                     |     0.163 |
|       u_uart_send                     |    <0.001 |
|     uart_bt                           |     1.062 |
|       input_buf                       |    <0.001 |
|       output_buf                      |     0.711 |
|       u_uart_recv                     |     0.351 |
|       u_uart_send                     |    <0.001 |
|   cpu                                 |     7.195 |
|     Ex                                |     0.084 |
|       alu                             |     0.064 |
|       cmp                             |     0.020 |
|     Id                                |     0.383 |
|       Reg                             |     0.383 |
|     If                                |     6.728 |
|       irom                            |     0.831 |
|         U0                            |     0.831 |
|           synth_options.dist_mem_inst |     0.831 |
|             gen_rom.rom_inst          |     0.831 |
+---------------------------------------+-----------+


