INFO: [VRFC 10-2263] Analyzing Verilog file "F:/Study/digit_circuit/cpu_design/cpu6_3/cpu6_3.srcs/sources_1/ip/data_mem/sim/data_mem.v" into library xil_defaultlib
INFO: [VRFC 10-311] analyzing module data_mem
INFO: [VRFC 10-2263] Analyzing Verilog file "F:/Study/digit_circuit/cpu_design/cpu6_3/cpu6_3.srcs/sources_1/ip/inst_mem/sim/inst_mem.v" into library xil_defaultlib
INFO: [VRFC 10-311] analyzing module inst_mem
INFO: [VRFC 10-2263] Analyzing Verilog file "F:/Study/digit_circuit/cpu_design/cpu6_3/cpu6_3.srcs/sources_1/new/ALU.v" into library xil_defaultlib
INFO: [VRFC 10-311] analyzing module ALU
INFO: [VRFC 10-2263] Analyzing Verilog file "F:/Study/digit_circuit/cpu_design/cpu6_3/cpu6_3.srcs/sources_1/new/BUS.v" into library xil_defaultlib
INFO: [VRFC 10-311] analyzing module BUS
INFO: [VRFC 10-2263] Analyzing Verilog file "F:/Study/digit_circuit/cpu_design/cpu6_3/cpu6_3.srcs/sources_1/new/Buffer.v" into library xil_defaultlib
INFO: [VRFC 10-311] analyzing module Buffer
INFO: [VRFC 10-2263] Analyzing Verilog file "F:/Study/digit_circuit/cpu_design/cpu6_3/cpu6_3.srcs/sources_1/new/CMP.v" into library xil_defaultlib
INFO: [VRFC 10-311] analyzing module CMP
INFO: [VRFC 10-2263] Analyzing Verilog file "F:/Study/digit_circuit/cpu_design/cpu6_3/cpu6_3.srcs/sources_1/new/EX.v" into library xil_defaultlib
INFO: [VRFC 10-311] analyzing module EX
INFO: [VRFC 10-2263] Analyzing Verilog file "F:/Study/digit_circuit/cpu_design/cpu6_3/cpu6_3.srcs/sources_1/new/Inctrl_led.v" into library xil_defaultlib
INFO: [VRFC 10-311] analyzing module InCtrl_led
INFO: [VRFC 10-2263] Analyzing Verilog file "F:/Study/digit_circuit/cpu_design/cpu6_3/cpu6_3.srcs/sources_1/new/Inctrl_tube.v" into library xil_defaultlib
INFO: [VRFC 10-311] analyzing module InCtrl_tube
INFO: [VRFC 10-2263] Analyzing Verilog file "F:/Study/digit_circuit/cpu_design/cpu6_3/cpu6_3.srcs/sources_1/new/OutCtrl_Switch.v" into library xil_defaultlib
INFO: [VRFC 10-311] analyzing module OutCtrl_Switch
INFO: [VRFC 10-2263] Analyzing Verilog file "F:/Study/digit_circuit/cpu_design/cpu6_3/cpu6_3.srcs/sources_1/new/RAM.v" into library xil_defaultlib
INFO: [VRFC 10-311] analyzing module RAM
INFO: [VRFC 10-2263] Analyzing Verilog file "F:/Study/digit_circuit/cpu_design/cpu6_3/cpu6_3.srcs/sources_1/new/Switch.v" into library xil_defaultlib
INFO: [VRFC 10-311] analyzing module Switch
INFO: [VRFC 10-2263] Analyzing Verilog file "F:/Study/digit_circuit/cpu_design/cpu6_3/cpu6_3.srcs/sources_1/new/Timer.v" into library xil_defaultlib
INFO: [VRFC 10-311] analyzing module Timer
INFO: [VRFC 10-2263] Analyzing Verilog file "F:/Study/digit_circuit/cpu_design/cpu6_3/cpu6_3.srcs/sources_1/new/UART.v" into library xil_defaultlib
INFO: [VRFC 10-311] analyzing module UART
INFO: [VRFC 10-2263] Analyzing Verilog file "F:/Study/digit_circuit/cpu_design/cpu6_3/cpu6_3.srcs/sources_1/new/WB.v" into library xil_defaultlib
INFO: [VRFC 10-311] analyzing module WB
INFO: [VRFC 10-2263] Analyzing Verilog file "F:/Study/digit_circuit/cpu_design/cpu6_3/cpu6_3.srcs/sources_1/new/counter.v" into library xil_defaultlib
INFO: [VRFC 10-311] analyzing module counter
INFO: [VRFC 10-2263] Analyzing Verilog file "F:/Study/digit_circuit/cpu_design/cpu6_3/cpu6_3.srcs/sources_1/new/crtl.v" into library xil_defaultlib
INFO: [VRFC 10-311] analyzing module crtl
INFO: [VRFC 10-2263] Analyzing Verilog file "F:/Study/digit_circuit/cpu_design/cpu6_3/cpu6_3.srcs/sources_1/new/deviceclk.v" into library xil_defaultlib
INFO: [VRFC 10-311] analyzing module deviceclk
INFO: [VRFC 10-2263] Analyzing Verilog file "F:/Study/digit_circuit/cpu_design/cpu6_3/cpu6_3.srcs/sources_1/new/digit_tube.v" into library xil_defaultlib
INFO: [VRFC 10-311] analyzing module Tube
INFO: [VRFC 10-2263] Analyzing Verilog file "F:/Study/digit_circuit/cpu_design/cpu6_3/cpu6_3.srcs/sources_1/new/led.v" into library xil_defaultlib
INFO: [VRFC 10-311] analyzing module LED
INFO: [VRFC 10-2263] Analyzing Verilog file "F:/Study/digit_circuit/cpu_design/cpu6_3/cpu6_3.srcs/sources_1/new/uart_recv.v" into library xil_defaultlib
INFO: [VRFC 10-311] analyzing module uart_recv
INFO: [VRFC 10-2263] Analyzing Verilog file "F:/Study/digit_circuit/cpu_design/cpu6_3/cpu6_3.srcs/sources_1/new/uart_send.v" into library xil_defaultlib
INFO: [VRFC 10-311] analyzing module uart_send
INFO: [VRFC 10-2263] Analyzing Verilog file "F:/Study/digit_circuit/cpu_design/cpu6_3/cpu6_3.srcs/sim_1/new/top_sim.v" into library xil_defaultlib
INFO: [VRFC 10-311] analyzing module top_sim
