Copyright 1986-2017 Xilinx, Inc. All Rights Reserved.
---------------------------------------------------------------------------------------------------
| Tool Version : Vivado v.2017.4 (win64) Build 2086221 Fri Dec 15 20:55:39 MST 2017
| Date         : Sat Oct 28 23:39:41 2023
| Host         : DESKTOP-0TSH46O running 64-bit major release  (build 9200)
| Command      : report_drc -file top_drc_routed.rpt -pb top_drc_routed.pb -rpx top_drc_routed.rpx
| Design       : top
| Device       : xc7z020clg484-1
| Speed File   : -1
| Design State : Routed
---------------------------------------------------------------------------------------------------

Report DRC

Table of Contents
-----------------
1. REPORT SUMMARY
2. REPORT DETAILS

1. REPORT SUMMARY
-----------------
            Netlist: netlist
          Floorplan: design_1
      Design limits: <entire design considered>
           Ruledeck: default
             Max violations: <unlimited>
             Violations found: 5
+-------------+------------------+-------------------------------------------------------------+------------+
| Rule        | Severity         | Description                                                 | Violations |
+-------------+------------------+-------------------------------------------------------------+------------+
| NSTD-1      | Critical Warning | Unspecified I/O Standard                                    | 1          |
| UCIO-1      | Critical Warning | Unconstrained Logical Port                                  | 1          |
| PDRC-153    | Warning          | Gated clock check                                           | 1          |
| PLHOLDVIO-2 | Warning          | Non-Optimal connections which could lead to hold violations | 1          |
| ZPS7-1      | Warning          | PS7 block required                                          | 1          |
+-------------+------------------+-------------------------------------------------------------+------------+

2. REPORT DETAILS
-----------------
NSTD-1#1 Critical Warning
Unspecified I/O Standard  
1 out of 37 logical ports use I/O standard (IOSTANDARD) value 'DEFAULT', instead of a user assigned specific value. This may cause I/O contention or incompatibility with the board power or connectivity affecting performance, signal integrity or in extreme cases cause damage to the device or the components to which it is connected. To correct this violation, specify all I/O standards. This design will fail to generate a bitstream unless all logical ports have a user specified I/O standard value defined. To allow bitstream creation with unspecified I/O standard values (not recommended), use this command: set_property SEVERITY {Warning} [get_drc_checks NSTD-1].  NOTE: When using the Vivado Runs infrastructure (e.g. launch_runs Tcl command), add this command to a .tcl file and add that file as a pre-hook for write_bitstream step for the implementation run. Problem ports: uart_debug.
Related violations: <none>

UCIO-1#1 Critical Warning
Unconstrained Logical Port  
1 out of 37 logical ports have no user assigned specific location constraint (LOC). This may cause I/O contention or incompatibility with the board power or connectivity affecting performance, signal integrity or in extreme cases cause damage to the device or the components to which it is connected. To correct this violation, specify all pin locations. This design will fail to generate a bitstream unless all logical ports have a user specified site LOC constraint defined.  To allow bitstream creation with unspecified pin locations (not recommended), use this command: set_property SEVERITY {Warning} [get_drc_checks UCIO-1].  NOTE: When using the Vivado Runs infrastructure (e.g. launch_runs Tcl command), add this command to a .tcl file and add that file as a pre-hook for write_bitstream step for the implementation run.  Problem ports: uart_debug.
Related violations: <none>

PDRC-153#1 Warning
Gated clock check  
Net bus/deviceCLK/CLK is a gated clock net sourced by a combinational pin bus/deviceCLK/statu[7]_i_1/O, cell bus/deviceCLK/statu[7]_i_1. This is not good design practice and will likely impact performance. For SLICE registers, for example, use the CE pin to control the loading of data.
Related violations: <none>

PLHOLDVIO-2#1 Warning
Non-Optimal connections which could lead to hold violations  
A LUT bus/deviceCLK/statu[7]_i_1 is driving clock pin of 9 cells. This could lead to large hold time violations. First few involved cells are:
    bus/Tube/inctrl_tube/statu_reg[4] {FDCE}
    bus/Tube/inctrl_tube/statu_reg[3] {FDCE}
    bus/Tube/inctrl_tube/statu_reg[7] {FDCE}
    bus/Tube/inctrl_tube/statu_reg[2] {FDCE}
    bus/Tube/inctrl_tube/statu_reg[5] {FDCE}

Related violations: <none>

ZPS7-1#1 Warning
PS7 block required  
The PS7 cell must be used in this Zynq design in order to enable correct default configuration.
Related violations: <none>


