Copyright 1986-2017 Xilinx, Inc. All Rights Reserved.
------------------------------------------------------------------------------------
| Tool Version : Vivado v.2017.4 (win64) Build 2086221 Fri Dec 15 20:55:39 MST 2017
| Date         : Sun Oct 29 16:19:59 2023
| Host         : DESKTOP-0TSH46O running 64-bit major release  (build 9200)
| Command      : report_control_sets -verbose -file top_control_sets_placed.rpt
| Design       : top
| Device       : xc7z020
------------------------------------------------------------------------------------

Control Set Information

Table of Contents
-----------------
1. Summary
2. Flip-Flop Distribution
3. Detailed Control Set Information

1. Summary
----------

+----------------------------------------------------------+-------+
|                          Status                          | Count |
+----------------------------------------------------------+-------+
| Number of unique control sets                            |    50 |
| Unused register locations in slices containing registers |   157 |
+----------------------------------------------------------+-------+


2. Flip-Flop Distribution
-------------------------

+--------------+-----------------------+------------------------+-----------------+--------------+
| Clock Enable | Synchronous Set/Reset | Asynchronous Set/Reset | Total Registers | Total Slices |
+--------------+-----------------------+------------------------+-----------------+--------------+
| No           | No                    | No                     |               2 |            2 |
| No           | No                    | Yes                    |             145 |           56 |
| No           | Yes                   | No                     |               0 |            0 |
| Yes          | No                    | No                     |              24 |           11 |
| Yes          | No                    | Yes                    |             264 |          111 |
| Yes          | Yes                   | No                     |               0 |            0 |
+--------------+-----------------------+------------------------+-----------------+--------------+


3. Detailed Control Set Information
-----------------------------------

+--------------------+---------------------------------------------------------------------------------------------------+-----------------------------------------+------------------+----------------+
|    Clock Signal    |                                           Enable Signal                                           |             Set/Reset Signal            | Slice Load Count | Bel Load Count |
+--------------------+---------------------------------------------------------------------------------------------------+-----------------------------------------+------------------+----------------+
|  clk_IBUF_BUFG     |                                                                                                   | bus/rom/output_call_1                   |                1 |              1 |
|  clk_IBUF_BUFG     | bus/rom/E[0]                                                                                      | bus/UART_bt/u_uart_recv/rx_cnt_reg[3]_0 |                1 |              1 |
|  clk_IBUF_BUFG     | bus/UART_bt/u_uart_send/uart_txd_i_1__0_n_0                                                       | bus/UART_bt/u_uart_send/uart_txd_reg_0  |                1 |              1 |
|  clk_IBUF_BUFG     | bus/UART/u_uart_send/uart_txd_i_1_n_0                                                             | bus/UART/u_uart_recv/rx_cnt_reg[3]_0    |                1 |              1 |
|  clk_IBUF_BUFG     |                                                                                                   |                                         |                2 |              2 |
|  clk_IBUF_BUFG     | bus/rom/buff_reg[0][0]                                                                            | bus/UART_bt/u_uart_send/uart_txd_reg_0  |                1 |              2 |
|  clk_IBUF_BUFG     | bus/rom/rf_reg[0][15][0]                                                                          | bus/UART_bt/u_uart_recv/rx_cnt_reg[3]_0 |                4 |              4 |
|  clk_IBUF_BUFG     | bus/rom/rf_reg[1][15][0]                                                                          | bus/UART_bt/u_uart_recv/rx_cnt_reg[3]_0 |                3 |              4 |
|  clk_IBUF_BUFG     | bus/rom/rf_reg[3][15]_2[0]                                                                        | bus/UART_bt/u_uart_recv/rx_cnt_reg[3]_0 |                4 |              4 |
|  clk_IBUF_BUFG     | bus/rom/rf_reg[2][15][0]                                                                          | bus/UART_bt/u_uart_recv/rx_cnt_reg[3]_0 |                4 |              4 |
|  clk_IBUF_BUFG     | bus/UART_bt/u_uart_send/tx_cnt[3]_i_1__0_n_0                                                      | bus/UART_bt/u_uart_send/uart_txd_reg_0  |                1 |              4 |
|  clk_IBUF_BUFG     | bus/UART/u_uart_recv/rx_cnt[3]_i_1__0_n_0                                                         | bus/UART/u_uart_recv/rx_cnt_reg[3]_0    |                2 |              4 |
|  clk_IBUF_BUFG     | bus/UART/u_uart_send/tx_cnt[3]_i_1_n_0                                                            | bus/UART/u_uart_recv/rx_cnt_reg[3]_0    |                1 |              4 |
|  clk_IBUF_BUFG     | bus/UART_bt/u_uart_recv/rx_cnt[3]_i_1_n_0                                                         | bus/UART_bt/u_uart_recv/rx_cnt_reg[3]_0 |                2 |              4 |
|  clk_IBUF_BUFG     | bus/rom/rf_reg[4][15][0]                                                                          | bus/UART_bt/u_uart_recv/rx_cnt_reg[3]_0 |                2 |              5 |
|  clk_IBUF_BUFG     | bus/rom/rf_reg[5][15][0]                                                                          | bus/UART_bt/u_uart_recv/rx_cnt_reg[3]_0 |                4 |              5 |
|  clk_IBUF_BUFG     | bus/rom/rf_reg[6][15]_5[0]                                                                        | bus/UART_bt/u_uart_recv/rx_cnt_reg[3]_0 |                2 |              5 |
|  clk_IBUF_BUFG     | bus/rom/rf_reg[7][15][0]                                                                          | bus/UART_bt/u_uart_recv/rx_cnt_reg[3]_0 |                4 |              5 |
|  clk_IBUF_BUFG     |                                                                                                   | bus/Tube/inctrl_tube/statu_reg[6]_0     |                4 |              6 |
|  clk_IBUF_BUFG     | bus/rom/buff_reg[0][0]                                                                            | bus/Tube/inctrl_tube/statu_reg[6]_0     |                1 |              6 |
|  clk_IBUF_BUFG     | bus/rom/uart_en_d0_reg_0[0]                                                                       | bus/Tube/inctrl_tube/statu_reg[6]_0     |                2 |              8 |
|  clk_IBUF_BUFG     | bus/rom/uart_en_d0_reg_1[0]                                                                       | bus/UART/u_uart_recv/rx_cnt_reg[3]_0    |                3 |              8 |
|  clk_IBUF_BUFG     | bus/rom/data_r[7]_i_1_n_0                                                                         |                                         |                2 |              8 |
|  bus/deviceCLK/CLK |                                                                                                   | bus/Tube/inctrl_tube/statu_reg[6]_0     |                3 |              9 |
|  clk_IBUF_BUFG     | bus/UART_bt/u_uart_send/tx_data[7]_i_1__0_n_0                                                     | bus/UART_bt/u_uart_send/uart_txd_reg_0  |                2 |              9 |
|  clk_IBUF_BUFG     | bus/UART/u_uart_send/tx_data[7]_i_1_n_0                                                           | bus/UART/u_uart_recv/rx_cnt_reg[3]_0    |                2 |              9 |
|  clk_IBUF_BUFG     | bus/rom/rf_reg[5][15][0]                                                                          | cpu/Id/Reg/rf[6][15]_i_3_n_0            |                4 |             11 |
|  clk_IBUF_BUFG     | bus/rom/addr_ireg_reg[10]_0                                                                       | bus/rom/output_call_1                   |                6 |             11 |
|  clk_IBUF_BUFG     | bus/rom/rf_reg[6][15]_5[0]                                                                        | cpu/Id/Reg/rf[6][15]_i_3_n_0            |                3 |             11 |
|  clk_IBUF_BUFG     | bus/rom/rf_reg[4][15][0]                                                                          | cpu/Id/Reg/rf[6][15]_i_3_n_0            |                2 |             11 |
|  clk_IBUF_BUFG     | bus/rom/rf_reg[7][15][0]                                                                          | cpu/Id/Reg/rf[6][15]_i_3_n_0            |                6 |             11 |
|  clk_IBUF_BUFG     | bus/rom/rf_reg[2][15][0]                                                                          | cpu/Id/Reg/rf[6][15]_i_3_n_0            |                6 |             12 |
|  clk_IBUF_BUFG     | bus/rom/rf_reg[1][15][0]                                                                          | cpu/Id/Reg/rf[6][15]_i_3_n_0            |                5 |             12 |
|  clk_IBUF_BUFG     | bus/rom/rf_reg[0][15][0]                                                                          | cpu/Id/Reg/rf[6][15]_i_3_n_0            |                6 |             12 |
|  clk_IBUF_BUFG     | bus/rom/rf_reg[3][15]_2[0]                                                                        | cpu/Id/Reg/rf[6][15]_i_3_n_0            |                7 |             12 |
|  clk_IBUF_BUFG     |                                                                                                   | bus/UART_bt/u_uart_send/uart_txd_reg_0  |                5 |             14 |
|  clk_IBUF_BUFG     | bus/UART/u_uart_recv/pc_reg[0][0]                                                                 | bus/Tube/inctrl_tube/statu_reg[6]_0     |                6 |             16 |
|  clk_IBUF_BUFG     | bus/rom/E[0]                                                                                      | bus/Tube/inctrl_tube/statu_reg[6]_0     |                5 |             16 |
|  clk_IBUF_BUFG     | bus/rom/rom_data                                                                                  |                                         |                9 |             16 |
|  clk_IBUF_BUFG     | bus/rom/data_reg[31][0]                                                                           | bus/Tube/inctrl_tube/statu_reg[6]_0     |                8 |             32 |
|  clk_IBUF_BUFG     |                                                                                                   | bus/UART_bt/u_uart_recv/rx_cnt_reg[3]_0 |               19 |             46 |
|  clk_IBUF_BUFG     | bus/rom/InstMem/U0/synth_options.dist_mem_inst/gen_sp_ram.spram_inst/ram_reg_0_255_0_0_i_1_n_0    |                                         |               16 |             64 |
|  clk_IBUF_BUFG     | bus/rom/InstMem/U0/synth_options.dist_mem_inst/gen_sp_ram.spram_inst/ram_reg_512_767_0_0_i_1_n_0  |                                         |               16 |             64 |
|  clk_IBUF_BUFG     | bus/ram/DataMem/U0/synth_options.dist_mem_inst/gen_sp_ram.spram_inst/ram_reg_768_1023_0_0_i_1_n_0 |                                         |               16 |             64 |
|  clk_IBUF_BUFG     | bus/ram/DataMem/U0/synth_options.dist_mem_inst/gen_sp_ram.spram_inst/ram_reg_512_767_0_0_i_1_n_0  |                                         |               16 |             64 |
|  clk_IBUF_BUFG     | bus/ram/DataMem/U0/synth_options.dist_mem_inst/gen_sp_ram.spram_inst/ram_reg_0_255_0_0_i_1_n_0    |                                         |               16 |             64 |
|  clk_IBUF_BUFG     | bus/ram/DataMem/U0/synth_options.dist_mem_inst/gen_sp_ram.spram_inst/ram_reg_256_511_0_0_i_1_n_0  |                                         |               16 |             64 |
|  clk_IBUF_BUFG     | bus/rom/InstMem/U0/synth_options.dist_mem_inst/gen_sp_ram.spram_inst/ram_reg_768_1023_0_0_i_1_n_0 |                                         |               16 |             64 |
|  clk_IBUF_BUFG     | bus/rom/InstMem/U0/synth_options.dist_mem_inst/gen_sp_ram.spram_inst/ram_reg_256_511_0_0_i_1_n_0  |                                         |               16 |             64 |
|  clk_IBUF_BUFG     |                                                                                                   | bus/UART/u_uart_recv/rx_cnt_reg[3]_0    |               24 |             69 |
+--------------------+---------------------------------------------------------------------------------------------------+-----------------------------------------+------------------+----------------+


+--------+-----------------------+
| Fanout | Number of ControlSets |
+--------+-----------------------+
| 1      |                     4 |
| 2      |                     2 |
| 4      |                     8 |
| 5      |                     4 |
| 6      |                     2 |
| 8      |                     3 |
| 9      |                     3 |
| 11     |                     5 |
| 12     |                     4 |
| 14     |                     1 |
| 16+    |                    14 |
+--------+-----------------------+


