Copyright 1986-2017 Xilinx, Inc. All Rights Reserved.
-------------------------------------------------------------------------------------------------------------------------------
| Tool Version     : Vivado v.2017.4 (win64) Build 2086221 Fri Dec 15 20:55:39 MST 2017
| Date             : Sun Oct 29 16:20:22 2023
| Host             : DESKTOP-0TSH46O running 64-bit major release  (build 9200)
| Command          : report_power -file top_power_routed.rpt -pb top_power_summary_routed.pb -rpx top_power_routed.rpx
| Design           : top
| Device           : xc7z020clg484-1
| Design State     : routed
| Grade            : commercial
| Process          : typical
| Characterization : Production
-------------------------------------------------------------------------------------------------------------------------------

Power Report

Table of Contents
-----------------
1. Summary
1.1 On-Chip Components
1.2 Power Supply Summary
1.3 Confidence Level
2. Settings
2.1 Environment
2.2 Clock Constraints
3. Detailed Reports
3.1 By Hierarchy

1. Summary
----------

+--------------------------+---------------------------------+
| Total On-Chip Power (W)  | 7.820 (Junction temp exceeded!) |
| Design Power Budget (W)  | Unspecified*                    |
| Power Budget Margin (W)  | NA                              |
| Dynamic (W)              | 7.059                           |
| Device Static (W)        | 0.761                           |
| Effective TJA (C/W)      | 11.5                            |
| Max Ambient (C)          | 0.0                             |
| Junction Temperature (C) | 115.2                           |
| Confidence Level         | Low                             |
| Setting File             | ---                             |
| Simulation Activity File | ---                             |
| Design Nets Matched      | NA                              |
+--------------------------+---------------------------------+
* Specify Design Power Budget using, set_operating_conditions -design_power_budget <value in Watts>


1.1 On-Chip Components
----------------------

+--------------------------+-----------+----------+-----------+-----------------+
| On-Chip                  | Power (W) | Used     | Available | Utilization (%) |
+--------------------------+-----------+----------+-----------+-----------------+
| Slice Logic              |     1.386 |     2233 |       --- |             --- |
|   LUT as Logic           |     1.247 |      661 |     53200 |            1.24 |
|   CARRY4                 |     0.077 |       29 |     13300 |            0.22 |
|   LUT as Distributed RAM |     0.032 |      512 |     17400 |            2.94 |
|   F7/F8 Muxes            |     0.012 |      397 |     53200 |            0.75 |
|   Register               |     0.012 |      435 |    106400 |            0.41 |
|   BUFG                   |     0.006 |        1 |        32 |            3.13 |
|   Others                 |     0.000 |       21 |       --- |             --- |
| Signals                  |     5.633 |     1309 |       --- |             --- |
| I/O                      |     0.040 |       46 |       200 |           23.00 |
| Static Power             |     0.761 |          |           |                 |
| Total                    |     7.820 |          |           |                 |
+--------------------------+-----------+----------+-----------+-----------------+


1.2 Power Supply Summary
------------------------

+-----------+-------------+-----------+-------------+------------+
| Source    | Voltage (V) | Total (A) | Dynamic (A) | Static (A) |
+-----------+-------------+-----------+-------------+------------+
| Vccint    |       1.000 |     7.275 |       7.059 |      0.216 |
| Vccaux    |       1.800 |     0.078 |       0.000 |      0.078 |
| Vcco33    |       3.300 |     0.000 |       0.000 |      0.000 |
| Vcco25    |       2.500 |     0.000 |       0.000 |      0.000 |
| Vcco18    |       1.800 |     0.000 |       0.000 |      0.000 |
| Vcco15    |       1.500 |     0.000 |       0.000 |      0.000 |
| Vcco135   |       1.350 |     0.000 |       0.000 |      0.000 |
| Vcco12    |       1.200 |     0.000 |       0.000 |      0.000 |
| Vccaux_io |       1.800 |     0.000 |       0.000 |      0.000 |
| Vccbram   |       1.000 |     0.016 |       0.000 |      0.016 |
| MGTAVcc   |       1.000 |     0.000 |       0.000 |      0.000 |
| MGTAVtt   |       1.200 |     0.000 |       0.000 |      0.000 |
| MGTVccaux |       1.800 |     0.000 |       0.000 |      0.000 |
| Vccpint   |       1.000 |     0.329 |       0.000 |      0.329 |
| Vccpaux   |       1.800 |     0.010 |       0.000 |      0.010 |
| Vccpll    |       1.800 |     0.003 |       0.000 |      0.003 |
| Vcco_ddr  |       1.500 |     0.000 |       0.000 |      0.000 |
| Vcco_mio0 |       1.800 |     0.000 |       0.000 |      0.000 |
| Vcco_mio1 |       1.800 |     0.000 |       0.000 |      0.000 |
| Vccadc    |       1.800 |     0.020 |       0.000 |      0.020 |
+-----------+-------------+-----------+-------------+------------+


1.3 Confidence Level
--------------------

+-----------------------------+------------+--------------------------------------------------------+--------------------------------------------------------------------------------------------------------------------+
| User Input Data             | Confidence | Details                                                | Action                                                                                                             |
+-----------------------------+------------+--------------------------------------------------------+--------------------------------------------------------------------------------------------------------------------+
| Design implementation state | High       | Design is routed                                       |                                                                                                                    |
| Clock nodes activity        | Low        | User specified less than 75% of clocks                 | Provide missing clock activity with a constraint file, simulation results or by editing the "By Clock Domain" view |
| I/O nodes activity          | Low        | More than 75% of inputs are missing user specification | Provide missing input activity with simulation results or by editing the "By Resource Type -> I/Os" view           |
| Internal nodes activity     | Medium     | User specified less than 25% of internal nodes         | Provide missing internal nodes activity with simulation results or by editing the "By Resource Type" views         |
| Device models               | High       | Device models are Production                           |                                                                                                                    |
|                             |            |                                                        |                                                                                                                    |
| Overall confidence level    | Low        |                                                        |                                                                                                                    |
+-----------------------------+------------+--------------------------------------------------------+--------------------------------------------------------------------------------------------------------------------+


2. Settings
-----------

2.1 Environment
---------------

+-----------------------+------------------------+
| Ambient Temp (C)      | 25.0                   |
| ThetaJA (C/W)         | 11.5                   |
| Airflow (LFM)         | 250                    |
| Heat Sink             | none                   |
| ThetaSA (C/W)         | 0.0                    |
| Board Selection       | medium (10"x10")       |
| # of Board Layers     | 8to11 (8 to 11 Layers) |
| Board Temperature (C) | 25.0                   |
+-----------------------+------------------------+


2.2 Clock Constraints
---------------------

+-------+--------+-----------------+
| Clock | Domain | Constraint (ns) |
+-------+--------+-----------------+


3. Detailed Reports
-------------------

3.1 By Hierarchy
----------------

+---------------------------------------+-----------+
| Name                                  | Power (W) |
+---------------------------------------+-----------+
| top                                   |     7.059 |
|   bus                                 |     6.244 |
|     Led                               |     0.000 |
|       input_buf                       |     0.000 |
|     Switch                            |     0.000 |
|       output_buf                      |     0.000 |
|     Tube                              |     0.007 |
|       inctrl_tube                     |     0.007 |
|     UART                              |     0.177 |
|       input_buf                       |     0.000 |
|       output_buf                      |    <0.001 |
|       u_uart_recv                     |     0.176 |
|       u_uart_send                     |     0.000 |
|     UART_bt                           |     0.081 |
|       input_buf                       |     0.000 |
|       output_buf                      |     0.014 |
|       u_uart_recv                     |     0.067 |
|       u_uart_send                     |     0.000 |
|     deviceCLK                         |     0.132 |
|     ram                               |     0.166 |
|       DataMem                         |     0.166 |
|         U0                            |     0.166 |
|           synth_options.dist_mem_inst |     0.166 |
|             gen_sp_ram.spram_inst     |     0.166 |
|               ram_reg_0_255_0_0       |     0.004 |
|               ram_reg_0_255_10_10     |     0.000 |
|               ram_reg_0_255_11_11     |     0.000 |
|               ram_reg_0_255_12_12     |     0.000 |
|               ram_reg_0_255_13_13     |     0.000 |
|               ram_reg_0_255_14_14     |     0.000 |
|               ram_reg_0_255_15_15     |     0.000 |
|               ram_reg_0_255_1_1       |     0.003 |
|               ram_reg_0_255_2_2       |    <0.001 |
|               ram_reg_0_255_3_3       |     0.002 |
|               ram_reg_0_255_4_4       |    <0.001 |
|               ram_reg_0_255_5_5       |     0.002 |
|               ram_reg_0_255_6_6       |     0.002 |
|               ram_reg_0_255_7_7       |    <0.001 |
|               ram_reg_0_255_8_8       |     0.000 |
|               ram_reg_0_255_9_9       |     0.000 |
|               ram_reg_256_511_0_0     |     0.004 |
|               ram_reg_256_511_10_10   |     0.000 |
|               ram_reg_256_511_11_11   |     0.000 |
|               ram_reg_256_511_12_12   |     0.000 |
|               ram_reg_256_511_13_13   |     0.000 |
|               ram_reg_256_511_14_14   |     0.000 |
|               ram_reg_256_511_15_15   |     0.000 |
|               ram_reg_256_511_1_1     |     0.003 |
|               ram_reg_256_511_2_2     |    <0.001 |
|               ram_reg_256_511_3_3     |    <0.001 |
|               ram_reg_256_511_4_4     |     0.001 |
|               ram_reg_256_511_5_5     |    <0.001 |
|               ram_reg_256_511_6_6     |    <0.001 |
|               ram_reg_256_511_7_7     |    <0.001 |
|               ram_reg_256_511_8_8     |     0.000 |
|               ram_reg_256_511_9_9     |     0.000 |
|               ram_reg_512_767_0_0     |     0.004 |
|               ram_reg_512_767_10_10   |     0.000 |
|               ram_reg_512_767_11_11   |     0.000 |
|               ram_reg_512_767_12_12   |     0.000 |
|               ram_reg_512_767_13_13   |     0.000 |
|               ram_reg_512_767_14_14   |     0.000 |
|               ram_reg_512_767_15_15   |     0.000 |
|               ram_reg_512_767_1_1     |     0.004 |
|               ram_reg_512_767_2_2     |     0.001 |
|               ram_reg_512_767_3_3     |    <0.001 |
|               ram_reg_512_767_4_4     |    <0.001 |
|               ram_reg_512_767_5_5     |    <0.001 |
|               ram_reg_512_767_6_6     |    <0.001 |
|               ram_reg_512_767_7_7     |     0.002 |
|               ram_reg_512_767_8_8     |     0.000 |
|               ram_reg_512_767_9_9     |     0.000 |
|               ram_reg_768_1023_0_0    |     0.003 |
|               ram_reg_768_1023_10_10  |     0.000 |
|               ram_reg_768_1023_11_11  |     0.000 |
|               ram_reg_768_1023_12_12  |     0.000 |
|               ram_reg_768_1023_13_13  |     0.000 |
|               ram_reg_768_1023_14_14  |     0.000 |
|               ram_reg_768_1023_15_15  |     0.000 |
|               ram_reg_768_1023_1_1    |     0.004 |
|               ram_reg_768_1023_2_2    |    <0.001 |
|               ram_reg_768_1023_3_3    |    <0.001 |
|               ram_reg_768_1023_4_4    |    <0.001 |
|               ram_reg_768_1023_5_5    |    <0.001 |
|               ram_reg_768_1023_6_6    |    <0.001 |
|               ram_reg_768_1023_7_7    |    <0.001 |
|               ram_reg_768_1023_8_8    |     0.000 |
|               ram_reg_768_1023_9_9    |     0.000 |
|     rom                               |     5.682 |
|       InstMem                         |     0.021 |
|         U0                            |     0.021 |
|           synth_options.dist_mem_inst |     0.021 |
|             gen_sp_ram.spram_inst     |     0.021 |
|               ram_reg_0_255_0_0       |    <0.001 |
|               ram_reg_0_255_10_10     |    <0.001 |
|               ram_reg_0_255_11_11     |    <0.001 |
|               ram_reg_0_255_12_12     |    <0.001 |
|               ram_reg_0_255_13_13     |     0.001 |
|               ram_reg_0_255_14_14     |     0.001 |
|               ram_reg_0_255_15_15     |    <0.001 |
|               ram_reg_0_255_1_1       |    <0.001 |
|               ram_reg_0_255_2_2       |    <0.001 |
|               ram_reg_0_255_3_3       |    <0.001 |
|               ram_reg_0_255_4_4       |    <0.001 |
|               ram_reg_0_255_5_5       |    <0.001 |
|               ram_reg_0_255_6_6       |    <0.001 |
|               ram_reg_0_255_7_7       |    <0.001 |
|               ram_reg_0_255_8_8       |    <0.001 |
|               ram_reg_0_255_9_9       |    <0.001 |
|               ram_reg_256_511_0_0     |    <0.001 |
|               ram_reg_256_511_10_10   |    <0.001 |
|               ram_reg_256_511_11_11   |    <0.001 |
|               ram_reg_256_511_12_12   |    <0.001 |
|               ram_reg_256_511_13_13   |    <0.001 |
|               ram_reg_256_511_14_14   |    <0.001 |
|               ram_reg_256_511_15_15   |    <0.001 |
|               ram_reg_256_511_1_1     |    <0.001 |
|               ram_reg_256_511_2_2     |    <0.001 |
|               ram_reg_256_511_3_3     |    <0.001 |
|               ram_reg_256_511_4_4     |    <0.001 |
|               ram_reg_256_511_5_5     |    <0.001 |
|               ram_reg_256_511_6_6     |    <0.001 |
|               ram_reg_256_511_7_7     |    <0.001 |
|               ram_reg_256_511_8_8     |    <0.001 |
|               ram_reg_256_511_9_9     |    <0.001 |
|               ram_reg_512_767_0_0     |    <0.001 |
|               ram_reg_512_767_10_10   |    <0.001 |
|               ram_reg_512_767_11_11   |    <0.001 |
|               ram_reg_512_767_12_12   |    <0.001 |
|               ram_reg_512_767_13_13   |    <0.001 |
|               ram_reg_512_767_14_14   |    <0.001 |
|               ram_reg_512_767_15_15   |    <0.001 |
|               ram_reg_512_767_1_1     |    <0.001 |
|               ram_reg_512_767_2_2     |    <0.001 |
|               ram_reg_512_767_3_3     |    <0.001 |
|               ram_reg_512_767_4_4     |    <0.001 |
|               ram_reg_512_767_5_5     |    <0.001 |
|               ram_reg_512_767_6_6     |    <0.001 |
|               ram_reg_512_767_7_7     |    <0.001 |
|               ram_reg_512_767_8_8     |    <0.001 |
|               ram_reg_512_767_9_9     |    <0.001 |
|               ram_reg_768_1023_0_0    |    <0.001 |
|               ram_reg_768_1023_10_10  |    <0.001 |
|               ram_reg_768_1023_11_11  |    <0.001 |
|               ram_reg_768_1023_12_12  |    <0.001 |
|               ram_reg_768_1023_13_13  |    <0.001 |
|               ram_reg_768_1023_14_14  |    <0.001 |
|               ram_reg_768_1023_15_15  |    <0.001 |
|               ram_reg_768_1023_1_1    |    <0.001 |
|               ram_reg_768_1023_2_2    |    <0.001 |
|               ram_reg_768_1023_3_3    |    <0.001 |
|               ram_reg_768_1023_4_4    |    <0.001 |
|               ram_reg_768_1023_5_5    |    <0.001 |
|               ram_reg_768_1023_6_6    |    <0.001 |
|               ram_reg_768_1023_7_7    |    <0.001 |
|               ram_reg_768_1023_8_8    |    <0.001 |
|               ram_reg_768_1023_9_9    |    <0.001 |
|   cpu                                 |     0.611 |
|     Ex                                |     0.170 |
|       alu                             |     0.152 |
|       cmp                             |     0.019 |
|     Id                                |     0.411 |
|       Reg                             |     0.411 |
|     If                                |     0.030 |
+---------------------------------------+-----------+


