Vivado Simulator 2017.4
Copyright 1986-1999, 2001-2016 Xilinx, Inc. All Rights Reserved.
Running: G:/Xilinx3/Vivado/2017.4/bin/unwrapped/win64.o/xelab.exe -wto 3e180b816757493283d09852b3a8c1b8 --incr --debug typical --relax --mt 2 -L dist_mem_gen_v8_0_12 -L xil_defaultlib -L unisims_ver -L unimacro_ver -L secureip -L xpm --snapshot sim_behav xil_defaultlib.sim xil_defaultlib.glbl -log elaborate.log 
Using 2 slave threads.
Starting static elaboration
WARNING: [VRFC 10-278] actual bit length 16 differs from formal bit length 10 for port a [F:/Study/digit_circuit/cpu_design/cpu6_4/cpu6_4.srcs/sources_1/new/RAM.v:48]
WARNING: [VRFC 10-278] actual bit length 16 differs from formal bit length 17 for port data [F:/Study/digit_circuit/cpu_design/cpu6_4/cpu6_4.srcs/sources_1/new/Switch.v:78]
WARNING: [VRFC 10-278] actual bit length 8 differs from formal bit length 32 for port uart_din [F:/Study/digit_circuit/cpu_design/cpu6_4/cpu6_4.srcs/sources_1/new/UART.v:79]
Completed static elaboration
Starting simulation data flow analysis
Completed simulation data flow analysis
Time Resolution for simulation is 1ps
Compiling module xil_defaultlib.crtl
Compiling module xil_defaultlib.IF
Compiling module xil_defaultlib.REG
Compiling module xil_defaultlib.ID
Compiling module xil_defaultlib.ALU
Compiling module xil_defaultlib.CMP
Compiling module xil_defaultlib.EX
Compiling module xil_defaultlib.WB
Compiling module xil_defaultlib.CPU
Compiling module dist_mem_gen_v8_0_12.dist_mem_gen_v8_0_12(C_FAMILY="z...
Compiling module xil_defaultlib.inst_mem
Compiling module xil_defaultlib.deviceclk(EXTEND=100000)
Compiling module dist_mem_gen_v8_0_12.dist_mem_gen_v8_0_12(C_FAMILY="z...
Compiling module xil_defaultlib.data_mem
Compiling module xil_defaultlib.RAM
Compiling module xil_defaultlib.Buffer(WIDTH=16)
Compiling module xil_defaultlib.InCtrl_led
Compiling module xil_defaultlib.LED
Compiling module xil_defaultlib.OutCtrl_Switch
Compiling module xil_defaultlib.Switch
Compiling module xil_defaultlib.InCtrl_tube
Compiling module xil_defaultlib.Tube
Compiling module xil_defaultlib.uart_send(CLK_FREQ=100000000)
Compiling module xil_defaultlib.uart_recv(CLK_FREQ=100000000)
Compiling module xil_defaultlib.UART(CLK_FREQ=100000000)
Compiling module xil_defaultlib.uart_send(CLK_FREQ=100000000,UAR...
Compiling module xil_defaultlib.uart_recv(CLK_FREQ=100000000,UAR...
Compiling module xil_defaultlib.UART(CLK_FREQ=100000000,UART_BPS...
Compiling module xil_defaultlib.counter
Compiling module xil_defaultlib.Timer
Compiling module xil_defaultlib.BUS
Compiling module xil_defaultlib.top
Compiling module xil_defaultlib.sim
Compiling module xil_defaultlib.glbl
Built simulation snapshot sim_behav
