INFO: [VRFC 10-2263] Analyzing Verilog file "F:/Study/digit_circuit/cpu_design/cpu6_7/cpu6_7.srcs/sources_1/ip/data_mem/sim/data_mem.v" into library xil_defaultlib
INFO: [VRFC 10-311] analyzing module data_mem
INFO: [VRFC 10-2263] Analyzing Verilog file "F:/Study/digit_circuit/cpu_design/cpu6_7/cpu6_7.srcs/sources_1/ip/inst_mem/sim/inst_mem.v" into library xil_defaultlib
INFO: [VRFC 10-311] analyzing module inst_mem
INFO: [VRFC 10-2263] Analyzing Verilog file "F:/Study/digit_circuit/cpu_design/cpu6_7/cpu6_7.srcs/sources_1/cpu/ALU.v" into library xil_defaultlib
INFO: [VRFC 10-311] analyzing module ALU
INFO: [VRFC 10-2263] Analyzing Verilog file "F:/Study/digit_circuit/cpu_design/cpu6_7/cpu6_7.srcs/sources_1/bus/BUS.v" into library xil_defaultlib
INFO: [VRFC 10-311] analyzing module BUS
INFO: [VRFC 10-2263] Analyzing Verilog file "F:/Study/digit_circuit/cpu_design/cpu6_7/cpu6_7.srcs/sources_1/bus/Buffer.v" into library xil_defaultlib
INFO: [VRFC 10-311] analyzing module Buffer
INFO: [VRFC 10-2263] Analyzing Verilog file "F:/Study/digit_circuit/cpu_design/cpu6_7/cpu6_7.srcs/sources_1/cpu/CMP.v" into library xil_defaultlib
INFO: [VRFC 10-311] analyzing module CMP
INFO: [VRFC 10-2263] Analyzing Verilog file "F:/Study/digit_circuit/cpu_design/cpu6_7/cpu6_7.srcs/sources_1/cpu/EX.v" into library xil_defaultlib
INFO: [VRFC 10-311] analyzing module EX
INFO: [VRFC 10-2263] Analyzing Verilog file "F:/Study/digit_circuit/cpu_design/cpu6_7/cpu6_7.srcs/sources_1/cpu/ID.v" into library xil_defaultlib
INFO: [VRFC 10-311] analyzing module ID
INFO: [VRFC 10-2263] Analyzing Verilog file "F:/Study/digit_circuit/cpu_design/cpu6_7/cpu6_7.srcs/sources_1/cpu/IF.v" into library xil_defaultlib
INFO: [VRFC 10-311] analyzing module IF
INFO: [VRFC 10-2263] Analyzing Verilog file "F:/Study/digit_circuit/cpu_design/cpu6_7/cpu6_7.srcs/sources_1/bus/Inctrl_led.v" into library xil_defaultlib
INFO: [VRFC 10-311] analyzing module InCtrl_led
INFO: [VRFC 10-2263] Analyzing Verilog file "F:/Study/digit_circuit/cpu_design/cpu6_7/cpu6_7.srcs/sources_1/bus/Inctrl_tube.v" into library xil_defaultlib
INFO: [VRFC 10-311] analyzing module InCtrl_tube
INFO: [VRFC 10-2263] Analyzing Verilog file "F:/Study/digit_circuit/cpu_design/cpu6_7/cpu6_7.srcs/sources_1/bus/OutCtrl_Switch.v" into library xil_defaultlib
INFO: [VRFC 10-311] analyzing module OutCtrl_Switch
INFO: [VRFC 10-2263] Analyzing Verilog file "F:/Study/digit_circuit/cpu_design/cpu6_7/cpu6_7.srcs/sources_1/bus/RAM.v" into library xil_defaultlib
INFO: [VRFC 10-311] analyzing module RAM
INFO: [VRFC 10-2263] Analyzing Verilog file "F:/Study/digit_circuit/cpu_design/cpu6_7/cpu6_7.srcs/sources_1/cpu/REG.v" into library xil_defaultlib
INFO: [VRFC 10-311] analyzing module REG
INFO: [VRFC 10-2263] Analyzing Verilog file "F:/Study/digit_circuit/cpu_design/cpu6_7/cpu6_7.srcs/sources_1/bus/ROM.v" into library xil_defaultlib
INFO: [VRFC 10-311] analyzing module ROM
INFO: [VRFC 10-2263] Analyzing Verilog file "F:/Study/digit_circuit/cpu_design/cpu6_7/cpu6_7.srcs/sources_1/bus/Switch.v" into library xil_defaultlib
INFO: [VRFC 10-311] analyzing module Switch
INFO: [VRFC 10-2263] Analyzing Verilog file "F:/Study/digit_circuit/cpu_design/cpu6_7/cpu6_7.srcs/sources_1/bus/Timer.v" into library xil_defaultlib
INFO: [VRFC 10-311] analyzing module Timer
INFO: [VRFC 10-2263] Analyzing Verilog file "F:/Study/digit_circuit/cpu_design/cpu6_7/cpu6_7.srcs/sources_1/bus/UART.v" into library xil_defaultlib
INFO: [VRFC 10-311] analyzing module UART
INFO: [VRFC 10-2263] Analyzing Verilog file "F:/Study/digit_circuit/cpu_design/cpu6_7/cpu6_7.srcs/sources_1/cpu/WB.v" into library xil_defaultlib
INFO: [VRFC 10-311] analyzing module WB
INFO: [VRFC 10-2263] Analyzing Verilog file "F:/Study/digit_circuit/cpu_design/cpu6_7/cpu6_7.srcs/sources_1/bus/counter.v" into library xil_defaultlib
INFO: [VRFC 10-311] analyzing module counter
INFO: [VRFC 10-2263] Analyzing Verilog file "F:/Study/digit_circuit/cpu_design/cpu6_7/cpu6_7.srcs/sources_1/cpu/cpu.v" into library xil_defaultlib
INFO: [VRFC 10-311] analyzing module CPU
INFO: [VRFC 10-2263] Analyzing Verilog file "F:/Study/digit_circuit/cpu_design/cpu6_7/cpu6_7.srcs/sources_1/cpu/crtl.v" into library xil_defaultlib
INFO: [VRFC 10-311] analyzing module crtl
INFO: [VRFC 10-2263] Analyzing Verilog file "F:/Study/digit_circuit/cpu_design/cpu6_7/cpu6_7.srcs/sources_1/bus/deviceclk.v" into library xil_defaultlib
INFO: [VRFC 10-311] analyzing module deviceclk
INFO: [VRFC 10-2263] Analyzing Verilog file "F:/Study/digit_circuit/cpu_design/cpu6_7/cpu6_7.srcs/sources_1/bus/digit_tube.v" into library xil_defaultlib
INFO: [VRFC 10-311] analyzing module Tube
INFO: [VRFC 10-2263] Analyzing Verilog file "F:/Study/digit_circuit/cpu_design/cpu6_7/cpu6_7.srcs/sources_1/bus/led.v" into library xil_defaultlib
INFO: [VRFC 10-311] analyzing module LED
INFO: [VRFC 10-2263] Analyzing Verilog file "F:/Study/digit_circuit/cpu_design/cpu6_7/cpu6_7.srcs/sources_1/top.v" into library xil_defaultlib
INFO: [VRFC 10-311] analyzing module top
INFO: [VRFC 10-2263] Analyzing Verilog file "F:/Study/digit_circuit/cpu_design/cpu6_7/cpu6_7.srcs/sources_1/bus/uart_recv.v" into library xil_defaultlib
INFO: [VRFC 10-311] analyzing module uart_recv
INFO: [VRFC 10-2263] Analyzing Verilog file "F:/Study/digit_circuit/cpu_design/cpu6_7/cpu6_7.srcs/sources_1/bus/uart_send.v" into library xil_defaultlib
INFO: [VRFC 10-311] analyzing module uart_send
INFO: [VRFC 10-2263] Analyzing Verilog file "F:/Study/digit_circuit/cpu_design/cpu6_7/cpu6_7.srcs/sim_1/sim.v" into library xil_defaultlib
INFO: [VRFC 10-311] analyzing module sim
